2026-04-28 23:04:12,748 - INFO - ETL START
2026-04-28 23:04:12,923 - INFO - Data loaded successfully
2026-04-28 23:04:12,933 - INFO - Validation passed
2026-04-28 23:04:12,956 - INFO - Cleaning completed
2026-04-28 23:04:12,980 - INFO - Transformation completed
2026-04-28 23:04:13,053 - INFO - Data saved to /mnt/d/Portofolio/Project/data/warehouse/final_dataset.csv
2026-04-29 21:13:15,714 - INFO - ETL START
2026-04-29 21:13:15,854 - INFO - Data loaded successfully
2026-04-29 21:13:15,860 - INFO - Validation passed
2026-04-29 21:13:15,876 - INFO - Cleaning completed
2026-04-29 21:13:15,892 - INFO - Transformation completed
2026-04-29 21:13:15,973 - INFO - Data saved to /mnt/d/Portofolio/Project/data/warehouse/final_dataset.csv
2026-04-29 21:22:29,123 - INFO - ETL START
2026-04-29 21:22:29,150 - INFO - Data loaded successfully
2026-04-29 21:22:29,155 - INFO - Validation passed
2026-04-29 21:22:29,170 - INFO - Cleaning completed
2026-04-29 21:22:29,184 - INFO - Transformation completed
2026-04-29 21:22:29,205 - INFO - Data saved to /mnt/d/Portofolio/Project/data/warehouse/final_dataset.csv
2026-04-29 23:02:53,106 - INFO - ETL START
2026-04-29 23:02:53,188 - INFO - Data loaded successfully
2026-04-29 23:02:53,198 - INFO - Validation passed
2026-04-29 23:02:53,220 - INFO - Cleaning completed
2026-04-29 23:02:53,248 - INFO - Transformation completed
2026-04-29 23:02:53,330 - INFO - Data saved to /mnt/d/Portofolio/Project/data/warehouse/final_dataset.csv
2026-04-29 23:02:53,512 - ERROR - ETL FAILED: connection to server at "localhost" (127.0.0.1), port 5432 failed: FATAL:  password authentication failed for user "postgres"
connection to server at "localhost" (127.0.0.1), port 5432 failed: FATAL:  password authentication failed for user "postgres"

2026-04-29 23:05:14,138 - INFO - ETL START
2026-04-29 23:05:14,164 - INFO - Data loaded successfully
2026-04-29 23:05:14,170 - INFO - Validation passed
2026-04-29 23:05:14,184 - INFO - Cleaning completed
2026-04-29 23:05:14,198 - INFO - Transformation completed
2026-04-29 23:05:14,220 - INFO - Data saved to /mnt/d/Portofolio/Project/data/warehouse/final_dataset.csv
2026-04-29 23:05:14,288 - ERROR - ETL FAILED: connection to server at "localhost" (127.0.0.1), port 5432 failed: FATAL:  password authentication failed for user "postgres"
connection to server at "localhost" (127.0.0.1), port 5432 failed: FATAL:  password authentication failed for user "postgres"

2026-04-29 23:07:11,794 - INFO - ETL START
2026-04-29 23:07:11,820 - INFO - Data loaded successfully
2026-04-29 23:07:11,825 - INFO - Validation passed
2026-04-29 23:07:11,840 - INFO - Cleaning completed
2026-04-29 23:07:11,854 - INFO - Transformation completed
2026-04-29 23:07:11,876 - INFO - Data saved to /mnt/d/Portofolio/Project/data/warehouse/final_dataset.csv
2026-04-29 23:07:11,947 - ERROR - ETL FAILED: connection to server at "localhost" (127.0.0.1), port 5432 failed: FATAL:  password authentication failed for user "postgres"
connection to server at "localhost" (127.0.0.1), port 5432 failed: FATAL:  password authentication failed for user "postgres"

2026-04-29 23:08:18,796 - INFO - ETL START
2026-04-29 23:08:18,825 - INFO - Data loaded successfully
2026-04-29 23:08:18,830 - INFO - Validation passed
2026-04-29 23:08:18,847 - INFO - Cleaning completed
2026-04-29 23:08:18,866 - INFO - Transformation completed
2026-04-29 23:08:18,890 - INFO - Data saved to /mnt/d/Portofolio/Project/data/warehouse/final_dataset.csv
2026-04-29 23:08:18,963 - ERROR - ETL FAILED: connection to server at "localhost" (127.0.0.1), port 5432 failed: FATAL:  password authentication failed for user "postgres"
connection to server at "localhost" (127.0.0.1), port 5432 failed: FATAL:  password authentication failed for user "postgres"

2026-04-30 21:00:36,084 - INFO - ETL START
2026-04-30 21:00:36,174 - INFO - Data loaded successfully
2026-04-30 21:00:36,180 - INFO - Validation passed
2026-04-30 21:00:36,198 - INFO - Cleaning completed
2026-04-30 21:00:36,215 - INFO - Transformation completed
2026-04-30 21:00:36,278 - INFO - Data saved to /mnt/d/Portofolio/Project/data/warehouse/final_dataset.csv
2026-04-30 21:00:36,360 - ERROR - ETL FAILED: connection to server at "localhost" (127.0.0.1), port 5432 failed: FATAL:  password authentication failed for user "postgres"
connection to server at "localhost" (127.0.0.1), port 5432 failed: FATAL:  password authentication failed for user "postgres"

2026-04-30 22:05:16,372 - INFO - ETL START
2026-04-30 22:05:16,405 - INFO - Data loaded successfully
2026-04-30 22:05:16,411 - INFO - Validation passed
2026-04-30 22:05:16,430 - INFO - Cleaning completed
2026-04-30 22:05:16,448 - INFO - Transformation completed
2026-04-30 22:05:16,499 - INFO - Data saved to /mnt/d/Portofolio/Project/data/warehouse/final_dataset.csv
2026-04-30 22:05:16,571 - ERROR - ETL FAILED: extra data after last expected column
CONTEXT:  COPY fact_energy_usage, line 1: "T000,2024-01-01,952,96,2057,,,,,,Fernandez-Hunter,chelsea14@example.org,804.985.4359,"409 Brandi Lan..."

2026-04-30 22:12:39,395 - INFO - ETL START
2026-04-30 22:12:39,423 - INFO - Data loaded successfully
2026-04-30 22:12:39,428 - INFO - Validation passed
2026-04-30 22:12:39,443 - INFO - Cleaning completed
2026-04-30 22:12:39,457 - INFO - Transformation completed
2026-04-30 22:12:39,482 - INFO - Data saved to /mnt/d/Portofolio/Project/data/warehouse/final_dataset.csv
2026-04-30 22:12:39,560 - ERROR - ETL FAILED: extra data after last expected column
CONTEXT:  COPY fact_energy_usage, line 1: "T000,2024-01-01,952,96,2057,,,,,,Fernandez-Hunter,chelsea14@example.org,804.985.4359,"409 Brandi Lan..."

2026-04-30 22:13:19,927 - INFO - ETL START
2026-04-30 22:13:19,963 - INFO - Data loaded successfully
2026-04-30 22:13:19,969 - INFO - Validation passed
2026-04-30 22:13:19,985 - INFO - Cleaning completed
2026-04-30 22:13:19,999 - INFO - Transformation completed
2026-04-30 22:13:20,022 - INFO - Data saved to /mnt/d/Portofolio/Project/data/warehouse/final_dataset.csv
2026-04-30 22:13:20,103 - ERROR - ETL FAILED: extra data after last expected column
CONTEXT:  COPY fact_energy_usage, line 1: "T000,2024-01-01,952,96,2057,,,,,,Fernandez-Hunter,chelsea14@example.org,804.985.4359,"409 Brandi Lan..."

2026-04-30 22:16:25,451 - INFO - ETL START
2026-04-30 22:16:25,480 - INFO - Data loaded successfully
2026-04-30 22:16:25,486 - INFO - Validation passed
2026-04-30 22:16:25,501 - INFO - Cleaning completed
2026-04-30 22:16:25,515 - INFO - Transformation completed
2026-04-30 22:16:25,539 - INFO - Data saved to /mnt/d/Portofolio/Project/data/warehouse/final_dataset.csv
2026-04-30 22:16:25,613 - ERROR - ETL FAILED: extra data after last expected column
CONTEXT:  COPY fact_energy_usage, line 1: "T000,2024-01-01,952,96,2057,,,,,,Fernandez-Hunter,chelsea14@example.org,804.985.4359,"409 Brandi Lan..."

2026-05-01 19:50:09,868 - INFO - ETL START
2026-05-01 19:50:09,968 - INFO - Data loaded successfully
2026-05-01 19:50:09,974 - INFO - Validation passed
2026-05-01 19:50:09,989 - INFO - Cleaning completed
2026-05-01 19:50:10,005 - INFO - Transformation completed
2026-05-01 19:50:10,056 - INFO - Data saved to /mnt/d/Portofolio/Project/data/warehouse/final_dataset.csv
2026-05-01 19:50:10,141 - ERROR - ETL FAILED: column "gas_m3" of relation "fact_energy_usage" does not exist

2026-05-01 20:41:51,899 - INFO - ETL START
2026-05-01 20:41:51,999 - INFO - Data loaded successfully
2026-05-01 20:41:52,005 - INFO - Validation passed
2026-05-01 20:41:52,021 - INFO - Cleaning completed
2026-05-01 20:41:52,050 - INFO - Transformation completed
2026-05-01 20:41:52,073 - INFO - Data saved to /mnt/d/Portofolio/Project/data/warehouse/final_dataset.csv
2026-05-01 20:41:52,162 - ERROR - ETL FAILED: invalid input syntax for type integer: "12.0"
CONTEXT:  COPY fact_energy_usage, line 11, column tenor: "12.0"

2026-05-01 20:50:52,950 - INFO - ETL START
2026-05-01 20:50:52,985 - INFO - Data loaded successfully
2026-05-01 20:50:52,991 - INFO - Validation passed
2026-05-01 20:50:53,008 - INFO - Cleaning completed
2026-05-01 20:50:53,026 - INFO - Transformation completed
2026-05-01 20:50:53,051 - INFO - Data saved to /mnt/d/Portofolio/Project/data/warehouse/final_dataset.csv
2026-05-01 20:50:53,127 - INFO - Data loaded to PostgreSQL
2026-05-01 20:58:42,916 - INFO - ETL START
2026-05-01 20:58:42,967 - INFO - Data loaded successfully
2026-05-01 20:58:42,972 - INFO - Validation passed
2026-05-01 20:58:42,988 - INFO - Cleaning completed
2026-05-01 20:58:43,003 - INFO - Transformation completed
2026-05-01 20:58:43,026 - INFO - Data saved to /mnt/d/Portofolio/Project/data/warehouse/final_dataset.csv
2026-05-01 20:58:43,097 - INFO - Data loaded to PostgreSQL
